<?xml version="1.0" encoding="UTF-8"?>
<!-- Generated by org.testng.reporters.JUnitReportReporter -->
<testsuite hostname="DESKTOP-3L37OKB" failures="0" tests="1" name="com.bieganski.board.BoardTest" time="0.001" errors="0" timestamp="17 lis 2019 20:24:17 GMT" skipped="0">
  <testcase classname="com.bieganski.board.BoardTest" name="getFields_ShouldThrowException" time="0.001"/>
</testsuite> <!-- com.bieganski.board.BoardTest -->
