<?xml version="1.0" encoding="UTF-8"?>
<!-- Generated by org.testng.reporters.JUnitReportReporter -->
<testsuite hostname="DESKTOP-3L37OKB" failures="0" tests="7" name="com.bieganski.board.CharConverterTest" time="0.001" errors="0" timestamp="17 lis 2019 20:07:54 GMT" skipped="0">
  <testcase classname="com.bieganski.board.CharConverterTest" name="convertCharNumberToInt_ProperValue" time="0.000"/>
  <testcase classname="com.bieganski.board.CharConverterTest" name="getIndexOfLetterInAlphabet_FailWhenArgumentIsNotLetter" time="0.000"/>
  <testcase classname="com.bieganski.board.CharConverterTest" name="getIndexOfLetterInAlphabet_ProperValue" time="0.000"/>
  <testcase classname="com.bieganski.board.CharConverterTest" name="convertCharNumberToInt_WrongValue" time="0.001"/>
  <testcase classname="com.bieganski.board.CharConverterTest" name="convertCharNumberToInt_FailWhenArgumentIsNotNumber" time="0.000"/>
  <testcase classname="com.bieganski.board.CharConverterTest" name="getIndexOfLetterInAlphabet_WrongValue" time="0.000"/>
  <testcase classname="com.bieganski.board.CharConverterTest" name="getIndexOfLetterInAlphabet_LowerCaseShouldWork" time="0.000"/>
</testsuite> <!-- com.bieganski.board.CharConverterTest -->
