<?xml version="1.0" encoding="UTF-8"?>
<!-- Generated by org.testng.reporters.JUnitReportReporter -->
<testsuite hostname="DESKTOP-3L37OKB" failures="0" tests="4" name="com.bieganski.board.BoardReaderTest" time="0.003" errors="0" timestamp="17 lis 2019 20:07:54 GMT" skipped="0">
  <testcase classname="com.bieganski.board.BoardReaderTest" name="readFileToList_ThrowsExceptionWhenFileNameIsBad" time="0.001"/>
  <testcase classname="com.bieganski.board.BoardReaderTest" name="readFileToList_LoadProperFile" time="0.002"/>
  <testcase classname="com.bieganski.board.BoardReaderTest" name="readFileToList_ThrowsExceptionWhenArgumentIsNull" time="0.000"/>
  <testcase classname="com.bieganski.board.BoardReaderTest" name="redFileToList_ShouldNotBeNull" time="0.000"/>
</testsuite> <!-- com.bieganski.board.BoardReaderTest -->
