<?xml version="1.0" encoding="UTF-8"?>
<!-- Generated by org.testng.reporters.JUnitReportReporter -->
<testsuite hostname="DESKTOP-3L37OKB" failures="0" tests="3" name="com.bieganski.board.FieldTest" time="0.001" errors="0" timestamp="17 lis 2019 20:12:49 GMT" skipped="0">
  <testcase classname="com.bieganski.board.FieldTest" name="toString_ValueCanNotBe_Null" time="0.000"/>
  <testcase classname="com.bieganski.board.FieldTest" name="getFigureOnThisField_ShouldReturnNull" time="0.001"/>
  <testcase classname="com.bieganski.board.FieldTest" name="getFiguresThatCanAttackThisField_CanNotReturnNull" time="0.000"/>
</testsuite> <!-- com.bieganski.board.FieldTest -->
