<?xml version="1.0" encoding="UTF-8"?>
<!-- Generated by org.testng.reporters.JUnitReportReporter -->
<testsuite hostname="DESKTOP-3L37OKB" failures="0" tests="1" name="com.bieganski.figures.KingFigureTest" time="0.001" errors="0" timestamp="17 lis 2019 20:45:12 GMT" skipped="0">
  <testcase classname="com.bieganski.figures.KingFigureTest" name="checkCollision_CanNotReturnNull" time="0.001"/>
</testsuite> <!-- com.bieganski.figures.KingFigureTest -->
