<?xml version="1.0" encoding="UTF-8"?>
<!-- Generated by org.testng.reporters.JUnitReportReporter -->
<testsuite hostname="DESKTOP-3L37OKB" failures="0" tests="7" name="com.bieganski.board.FieldCoordinatesTest" time="0.000" errors="0" timestamp="17 lis 2019 20:45:12 GMT" skipped="0">
  <testcase classname="com.bieganski.board.FieldCoordinatesTest" name="getFieldCoordinates_getProperColumnValue" time="0.000"/>
  <testcase classname="com.bieganski.board.FieldCoordinatesTest" name="getFieldCoordinates_getWrongRowValue" time="0.000"/>
  <testcase classname="com.bieganski.board.FieldCoordinatesTest" name="getFieldCoordinates_getWrongColumnValue" time="0.000"/>
  <testcase classname="com.bieganski.board.FieldCoordinatesTest" name="getFieldCoordinates_getProperRowValue" time="0.000"/>
  <testcase classname="com.bieganski.board.FieldCoordinatesTest" name="toString_ValueCanNotBe_Null" time="0.000"/>
  <testcase classname="com.bieganski.board.FieldCoordinatesTest" name="setRowValue_setProperRowValue" time="0.000"/>
  <testcase classname="com.bieganski.board.FieldCoordinatesTest" name="setColumnValue_setProperColumnValue" time="0.000"/>
</testsuite> <!-- com.bieganski.board.FieldCoordinatesTest -->
