<?xml version="1.0" encoding="UTF-8"?>
<!-- Generated by org.testng.reporters.JUnitReportReporter -->
<testsuite hostname="DESKTOP-3L37OKB" failures="0" tests="2" name="com.bieganski.board.BoardParserTest" time="0.001" errors="0" timestamp="17 lis 2019 20:12:49 GMT" skipped="0">
  <testcase classname="com.bieganski.board.BoardParserTest" name="parse_ThrowsExceptionWhenNull" time="0.001"/>
  <testcase classname="com.bieganski.board.BoardParserTest" name="parse_WrongLettersInFile" time="0.000"/>
</testsuite> <!-- com.bieganski.board.BoardParserTest -->
